[2024-12-01T23:02:20.165-0300] {processor.py:186} INFO - Started process (PID=69233) to work on /home/meula/.pyenv/versions/3.9.20/lib/python3.9/site-packages/airflow/example_dags/example_xcomargs.py
[2024-12-01T23:02:20.166-0300] {processor.py:914} INFO - Processing file /home/meula/.pyenv/versions/3.9.20/lib/python3.9/site-packages/airflow/example_dags/example_xcomargs.py for tasks to queue
[2024-12-01T23:02:20.168-0300] {logging_mixin.py:190} INFO - [2024-12-01T23:02:20.168-0300] {dagbag.py:588} INFO - Filling up the DagBag from /home/meula/.pyenv/versions/3.9.20/lib/python3.9/site-packages/airflow/example_dags/example_xcomargs.py
[2024-12-01T23:02:20.179-0300] {processor.py:925} INFO - DAG(s) 'example_xcom_args', 'example_xcom_args_with_operators' retrieved from /home/meula/.pyenv/versions/3.9.20/lib/python3.9/site-packages/airflow/example_dags/example_xcomargs.py
[2024-12-01T23:02:20.294-0300] {logging_mixin.py:190} INFO - [2024-12-01T23:02:20.293-0300] {override.py:1911} INFO - Created Permission View: can edit on DAG:example_xcom_args
[2024-12-01T23:02:20.310-0300] {logging_mixin.py:190} INFO - [2024-12-01T23:02:20.309-0300] {override.py:1911} INFO - Created Permission View: can delete on DAG:example_xcom_args
[2024-12-01T23:02:20.322-0300] {logging_mixin.py:190} INFO - [2024-12-01T23:02:20.321-0300] {override.py:1911} INFO - Created Permission View: can read on DAG:example_xcom_args
[2024-12-01T23:02:20.339-0300] {logging_mixin.py:190} INFO - [2024-12-01T23:02:20.338-0300] {override.py:1911} INFO - Created Permission View: can create on DAG Run:example_xcom_args
[2024-12-01T23:02:20.354-0300] {logging_mixin.py:190} INFO - [2024-12-01T23:02:20.353-0300] {override.py:1911} INFO - Created Permission View: menu access on DAG Run:example_xcom_args
[2024-12-01T23:02:20.369-0300] {logging_mixin.py:190} INFO - [2024-12-01T23:02:20.368-0300] {override.py:1911} INFO - Created Permission View: can delete on DAG Run:example_xcom_args
[2024-12-01T23:02:20.382-0300] {logging_mixin.py:190} INFO - [2024-12-01T23:02:20.381-0300] {override.py:1911} INFO - Created Permission View: can read on DAG Run:example_xcom_args
[2024-12-01T23:02:20.407-0300] {logging_mixin.py:190} INFO - [2024-12-01T23:02:20.407-0300] {override.py:1911} INFO - Created Permission View: can edit on DAG:example_xcom_args_with_operators
[2024-12-01T23:02:20.416-0300] {logging_mixin.py:190} INFO - [2024-12-01T23:02:20.416-0300] {override.py:1911} INFO - Created Permission View: can delete on DAG:example_xcom_args_with_operators
[2024-12-01T23:02:20.426-0300] {logging_mixin.py:190} INFO - [2024-12-01T23:02:20.425-0300] {override.py:1911} INFO - Created Permission View: can read on DAG:example_xcom_args_with_operators
[2024-12-01T23:02:20.438-0300] {logging_mixin.py:190} INFO - [2024-12-01T23:02:20.438-0300] {override.py:1911} INFO - Created Permission View: can create on DAG Run:example_xcom_args_with_operators
[2024-12-01T23:02:20.447-0300] {logging_mixin.py:190} INFO - [2024-12-01T23:02:20.447-0300] {override.py:1911} INFO - Created Permission View: menu access on DAG Run:example_xcom_args_with_operators
[2024-12-01T23:02:20.456-0300] {logging_mixin.py:190} INFO - [2024-12-01T23:02:20.456-0300] {override.py:1911} INFO - Created Permission View: can delete on DAG Run:example_xcom_args_with_operators
[2024-12-01T23:02:20.465-0300] {logging_mixin.py:190} INFO - [2024-12-01T23:02:20.464-0300] {override.py:1911} INFO - Created Permission View: can read on DAG Run:example_xcom_args_with_operators
[2024-12-01T23:02:20.465-0300] {logging_mixin.py:190} INFO - [2024-12-01T23:02:20.465-0300] {dag.py:3239} INFO - Sync 2 DAGs
[2024-12-01T23:02:20.480-0300] {logging_mixin.py:190} INFO - [2024-12-01T23:02:20.480-0300] {dag.py:3262} INFO - Creating ORM DAG for example_xcom_args
[2024-12-01T23:02:20.481-0300] {logging_mixin.py:190} INFO - [2024-12-01T23:02:20.480-0300] {dag.py:3262} INFO - Creating ORM DAG for example_xcom_args_with_operators
[2024-12-01T23:02:20.481-0300] {logging_mixin.py:190} INFO - [2024-12-01T23:02:20.481-0300] {dag.py:4180} INFO - Setting next_dagrun for example_xcom_args to None, run_after=None
[2024-12-01T23:02:20.482-0300] {logging_mixin.py:190} INFO - [2024-12-01T23:02:20.482-0300] {dag.py:4180} INFO - Setting next_dagrun for example_xcom_args_with_operators to None, run_after=None
[2024-12-01T23:02:20.504-0300] {processor.py:208} INFO - Processing /home/meula/.pyenv/versions/3.9.20/lib/python3.9/site-packages/airflow/example_dags/example_xcomargs.py took 0.351 seconds
